<?xml version="1.0" ?>
<coverage branch-rate="0" branches-covered="0" branches-valid="0" complexity="0" line-rate="0.75" lines-covered="6" lines-valid="8" timestamp="1599494432621" version="5.1">
	<!-- Generated by coverage.py: https://coverage.readthedocs.io -->
	<!-- Based on https://raw.githubusercontent.com/cobertura/web/master/htdocs/xml/coverage-04.dtd -->
	<sources>
		<source>/Users/patricklong/Desktop/ansible/reflect</source>
	</sources>
	<packages>
		<package branch-rate="0" complexity="0" line-rate="0.75" name="tests.reflect">
			<classes>
				<class branch-rate="0" complexity="0" filename="tests/reflect/test_storage_service.py" line-rate="0.75" name="test_storage_service.py">
					<methods/>
					<lines>
						<line hits="1" number="1"/>
						<line hits="1" number="2"/>
						<line hits="1" number="4"/>
						<line hits="0" number="6"/>
					</lines>
				</class>
				<class branch-rate="0" complexity="0" filename="tests/reflect/test_transcription_service.py" line-rate="0.75" name="test_transcription_service.py">
					<methods/>
					<lines>
						<line hits="1" number="1"/>
						<line hits="1" number="2"/>
						<line hits="1" number="5"/>
						<line hits="0" number="7"/>
					</lines>
				</class>
			</classes>
		</package>
	</packages>
</coverage>
